00:00:00.322814 VirtualBox GUI VM Selector Window 7.0.14 r161095 linux.amd64 (Jan 19 2024 13:54:29) release log
00:00:00.322816 Log opened 2024-02-11T21:19:13.706510000Z
00:00:00.322816 Build Type: release
00:00:00.322817 OS Product: Linux
00:00:00.322818 OS Release: 6.7.4-arch1-1
00:00:00.322818 OS Version: #1 SMP PREEMPT_DYNAMIC Mon, 05 Feb 2024 22:07:49 +0000
00:00:00.322835 DMI Product Name: System Product Name
00:00:00.322844 DMI Product Version: System Version
00:00:00.322848 Firmware type: UEFI
00:00:00.322933 Secure Boot: Disabled
00:00:00.322961 Host RAM: 32000MB (31.2GB) total, 31172MB (30.4GB) available
00:00:00.322963 Executable: /usr/lib/virtualbox/VirtualBox
00:00:00.322963 Process ID: 1087
00:00:00.322963 Package type: LINUX_64BITS_GENERIC (OSE)
00:00:00.322982 Qt version: 5.15.12
00:00:00.323346 GUI: UIMediumEnumerator: Initial medium-enumeration finished!
00:00:00.327104 GUI: UIMediumEnumerator: Medium-enumeration started...
00:00:00.642665 GUI: UIMediumEnumerator: Medium-enumeration finished!
00:00:00.660981 GUI: UIDesktopWidgetWatchdog::sltHandleHostScreenAvailableGeometryCalculated: Screen 0 work area is actually resized to: 1030x579 x 1280x720
00:00:03.991561 GUI: UIMediumEnumerator: Medium-enumeration finished!
00:00:06.792790 GUI: UIMediumEnumerator: Medium-enumeration finished!
00:00:12.964898 GUI: UIMediumEnumerator: Medium-enumeration finished!
00:00:12.966985 GUI: UIMediumEnumerator: Medium-enumeration finished!
00:00:12.978769 GUI: UIMediumEnumerator: Medium-enumeration finished!
00:00:22.193877 GUI: UIMediumEnumerator: Medium-enumeration finished!
00:00:24.596475 GUI: UIMediumEnumerator: Medium-enumeration finished!
00:00:26.663629 GUI: UIMediumEnumerator: Medium-enumeration finished!
00:00:33.908632 GUI: UIMediumEnumerator: Medium-enumeration finished!
00:00:36.063817 GUI: UIMediumEnumerator: Medium-enumeration finished!
00:00:40.992318 GUI: UIMediumEnumerator: Medium-enumeration finished!
00:00:42.187992 GUI: UIMediumEnumerator: Medium-enumeration finished!
00:00:44.809902 GUI: UIMediumEnumerator: Medium-enumeration finished!
00:00:46.298798 GUI: UIMediumEnumerator: Medium-enumeration finished!
00:00:46.767253 GUI: UIMediumEnumerator: Medium-enumeration finished!
00:00:58.201327 GUI: UIMediumEnumerator: Medium-enumeration finished!
00:01:12.626334 GUI: UIMediumEnumerator: Medium-enumeration finished!
00:01:14.070558 GUI: UIMediumEnumerator: Medium-enumeration finished!
00:01:14.591005 GUI: UIMediumEnumerator: Medium-enumeration finished!
00:01:15.313943 GUI: UIMediumEnumerator: Medium-enumeration finished!
00:01:15.774581 GUI: UIMediumEnumerator: Medium-enumeration finished!
00:01:18.094812 GUI: UIMediumEnumerator: Medium-enumeration finished!
00:01:19.395817 GUI: UIMediumEnumerator: Medium-enumeration finished!
00:01:21.293093 GUI: UIMediumEnumerator: Medium-enumeration finished!
00:01:38.960222 GUI: UIMediumEnumerator: Medium-enumeration finished!
00:02:51.114087 GUI: UIMediumEnumerator: Medium-enumeration finished!
00:02:52.199105 GUI: UIMediumEnumerator: Medium-enumeration finished!
00:07:14.469661 GUI: UIMediumEnumerator: Medium-enumeration finished!
00:08:49.798640 GUI: UIMediumEnumerator: Medium-enumeration finished!
00:09:08.404617 GUI: UIMediumEnumerator: Medium-enumeration finished!
00:09:08.698087 GUI: UIMediumEnumerator: Medium-enumeration finished!
00:32:38.098489 GUI: UIMediumEnumerator: Medium-enumeration finished!
00:33:14.030299 GUI: UIMediumEnumerator: Medium-enumeration finished!
00:33:14.364080 GUI: UIMediumEnumerator: Medium-enumeration finished!
00:33:38.823661 GUI: UIMediumEnumerator: Medium-enumeration finished!
00:34:15.037415 GUI: UIMediumEnumerator: Medium-enumeration finished!
00:36:31.610302 GUI: UIMediumEnumerator: Medium-enumeration finished!
00:36:45.187303 GUI: UIMediumEnumerator: Medium-enumeration finished!
00:52:41.794728 GUI: UIMediumEnumerator: Medium-enumeration finished!
00:52:43.699688 GUI: UICommon: Handling aboutToQuit request..
00:52:44.313762 GUI: UICommon: aboutToQuit request handled!
